
GET--/api/blog/detail?id=3--Mozilla/5.0 (Macintosh; Intel Mac OS X 10_15_7) AppleWebKit/537.36 (KHTML, like Gecko) Chrome/91.0.4472.77 Safari/537.36--Sat Jun 05 2021 13:19:17 GMT+0800 (中国标准时间)
GET--/api/blog/detail?id=3--Mozilla/5.0 (Macintosh; Intel Mac OS X 10_15_7) AppleWebKit/537.36 (KHTML, like Gecko) Chrome/91.0.4472.77 Safari/537.36--Sat Jun 05 2021 13:19:40 GMT+0800 (中国标准时间)
GET--/api/blog/list?isadmin=1--Mozilla/5.0 (Macintosh; Intel Mac OS X 10_15_7) AppleWebKit/537.36 (KHTML, like Gecko) Chrome/91.0.4472.77 Safari/537.36--Sat Jun 05 2021 13:19:52 GMT+0800 (中国标准时间)
POST--/api/user/login--Mozilla/5.0 (Macintosh; Intel Mac OS X 10_15_7) AppleWebKit/537.36 (KHTML, like Gecko) Chrome/91.0.4472.77 Safari/537.36--Sat Jun 05 2021 13:29:53 GMT+0800 (中国标准时间)
POST--/api/user/login--Mozilla/5.0 (Macintosh; Intel Mac OS X 10_15_7) AppleWebKit/537.36 (KHTML, like Gecko) Chrome/91.0.4472.77 Safari/537.36--Sat Jun 05 2021 13:31:57 GMT+0800 (中国标准时间)
POST--/api/user/login--Mozilla/5.0 (Macintosh; Intel Mac OS X 10_15_7) AppleWebKit/537.36 (KHTML, like Gecko) Chrome/91.0.4472.77 Safari/537.36--Sat Jun 05 2021 13:32:30 GMT+0800 (中国标准时间)
POST--/api/user/login--Mozilla/5.0 (Macintosh; Intel Mac OS X 10_15_7) AppleWebKit/537.36 (KHTML, like Gecko) Chrome/91.0.4472.77 Safari/537.36--Sat Jun 05 2021 13:33:35 GMT+0800 (中国标准时间)
POST--/api/user/login--Mozilla/5.0 (Macintosh; Intel Mac OS X 10_15_7) AppleWebKit/537.36 (KHTML, like Gecko) Chrome/91.0.4472.77 Safari/537.36--Sat Jun 05 2021 13:33:42 GMT+0800 (中国标准时间)
POST--/api/user/login--Mozilla/5.0 (Macintosh; Intel Mac OS X 10_15_7) AppleWebKit/537.36 (KHTML, like Gecko) Chrome/91.0.4472.77 Safari/537.36--Sat Jun 05 2021 13:33:50 GMT+0800 (中国标准时间)
POST--/api/user/login--Mozilla/5.0 (Macintosh; Intel Mac OS X 10_15_7) AppleWebKit/537.36 (KHTML, like Gecko) Chrome/91.0.4472.77 Safari/537.36--Sat Jun 05 2021 13:39:52 GMT+0800 (中国标准时间)
POST--/api/user/login--Mozilla/5.0 (Macintosh; Intel Mac OS X 10_15_7) AppleWebKit/537.36 (KHTML, like Gecko) Chrome/91.0.4472.77 Safari/537.36--Sat Jun 05 2021 13:39:57 GMT+0800 (中国标准时间)
GET--/api/blog/list?isadmin=1--Mozilla/5.0 (Macintosh; Intel Mac OS X 10_15_7) AppleWebKit/537.36 (KHTML, like Gecko) Chrome/91.0.4472.77 Safari/537.36--Sat Jun 05 2021 13:40:03 GMT+0800 (中国标准时间)
POST--/api/blog/new--Mozilla/5.0 (Macintosh; Intel Mac OS X 10_15_7) AppleWebKit/537.36 (KHTML, like Gecko) Chrome/91.0.4472.77 Safari/537.36--Sat Jun 05 2021 13:45:55 GMT+0800 (中国标准时间)
GET--/api/blog/list?isadmin=1--Mozilla/5.0 (Macintosh; Intel Mac OS X 10_15_7) AppleWebKit/537.36 (KHTML, like Gecko) Chrome/91.0.4472.77 Safari/537.36--Sat Jun 05 2021 13:45:56 GMT+0800 (中国标准时间)
POST--/api/blog/new--Mozilla/5.0 (Macintosh; Intel Mac OS X 10_15_7) AppleWebKit/537.36 (KHTML, like Gecko) Chrome/91.0.4472.77 Safari/537.36--Sat Jun 05 2021 13:46:29 GMT+0800 (中国标准时间)
POST--/api/blog/new--Mozilla/5.0 (Macintosh; Intel Mac OS X 10_15_7) AppleWebKit/537.36 (KHTML, like Gecko) Chrome/91.0.4472.77 Safari/537.36--Sat Jun 05 2021 13:46:32 GMT+0800 (中国标准时间)
POST--/api/blog/new--Mozilla/5.0 (Macintosh; Intel Mac OS X 10_15_7) AppleWebKit/537.36 (KHTML, like Gecko) Chrome/91.0.4472.77 Safari/537.36--Sat Jun 05 2021 13:46:35 GMT+0800 (中国标准时间)
POST--/api/blog/new--Mozilla/5.0 (Macintosh; Intel Mac OS X 10_15_7) AppleWebKit/537.36 (KHTML, like Gecko) Chrome/91.0.4472.77 Safari/537.36--Sat Jun 05 2021 13:46:36 GMT+0800 (中国标准时间)
POST--/api/blog/new--Mozilla/5.0 (Macintosh; Intel Mac OS X 10_15_7) AppleWebKit/537.36 (KHTML, like Gecko) Chrome/91.0.4472.77 Safari/537.36--Sat Jun 05 2021 13:46:36 GMT+0800 (中国标准时间)
POST--/api/blog/new--Mozilla/5.0 (Macintosh; Intel Mac OS X 10_15_7) AppleWebKit/537.36 (KHTML, like Gecko) Chrome/91.0.4472.77 Safari/537.36--Sat Jun 05 2021 13:46:37 GMT+0800 (中国标准时间)
POST--/api/blog/new--Mozilla/5.0 (Macintosh; Intel Mac OS X 10_15_7) AppleWebKit/537.36 (KHTML, like Gecko) Chrome/91.0.4472.77 Safari/537.36--Sat Jun 05 2021 13:53:58 GMT+0800 (中国标准时间)
POST--/api/blog/new--Mozilla/5.0 (Macintosh; Intel Mac OS X 10_15_7) AppleWebKit/537.36 (KHTML, like Gecko) Chrome/91.0.4472.77 Safari/537.36--Sat Jun 05 2021 13:54:07 GMT+0800 (中国标准时间)
POST--/api/blog/new--Mozilla/5.0 (Macintosh; Intel Mac OS X 10_15_7) AppleWebKit/537.36 (KHTML, like Gecko) Chrome/91.0.4472.77 Safari/537.36--Sat Jun 05 2021 13:55:31 GMT+0800 (中国标准时间)
GET--/api/blog/list?isadmin=1--Mozilla/5.0 (Macintosh; Intel Mac OS X 10_15_7) AppleWebKit/537.36 (KHTML, like Gecko) Chrome/91.0.4472.77 Safari/537.36--Sat Jun 05 2021 13:55:33 GMT+0800 (中国标准时间)
GET--/api/blog/list?isadmin=1--Mozilla/5.0 (Macintosh; Intel Mac OS X 10_15_7) AppleWebKit/537.36 (KHTML, like Gecko) Chrome/91.0.4472.77 Safari/537.36--Sat Jun 05 2021 13:55:36 GMT+0800 (中国标准时间)
GET--/api/blog/list?isadmin=1--Mozilla/5.0 (Macintosh; Intel Mac OS X 10_15_7) AppleWebKit/537.36 (KHTML, like Gecko) Chrome/91.0.4472.77 Safari/537.36--Sat Jun 05 2021 13:56:43 GMT+0800 (中国标准时间)
GET--/api/blog/list?isadmin=1--Mozilla/5.0 (Macintosh; Intel Mac OS X 10_15_7) AppleWebKit/537.36 (KHTML, like Gecko) Chrome/91.0.4472.77 Safari/537.36--Sat Jun 05 2021 13:56:44 GMT+0800 (中国标准时间)
GET--/api/blog/list?isadmin=1--Mozilla/5.0 (Macintosh; Intel Mac OS X 10_15_7) AppleWebKit/537.36 (KHTML, like Gecko) Chrome/91.0.4472.77 Safari/537.36--Sat Jun 05 2021 13:56:52 GMT+0800 (中国标准时间)
GET--/api/blog/list?isadmin=1--Mozilla/5.0 (Macintosh; Intel Mac OS X 10_15_7) AppleWebKit/537.36 (KHTML, like Gecko) Chrome/91.0.4472.77 Safari/537.36--Sat Jun 05 2021 13:58:58 GMT+0800 (中国标准时间)
GET--/api/blog/list?isadmin=1--Mozilla/5.0 (Macintosh; Intel Mac OS X 10_15_7) AppleWebKit/537.36 (KHTML, like Gecko) Chrome/91.0.4472.77 Safari/537.36--Sat Jun 05 2021 13:59:11 GMT+0800 (中国标准时间)
GET--/api/blog/list?isadmin=1--Mozilla/5.0 (Macintosh; Intel Mac OS X 10_15_7) AppleWebKit/537.36 (KHTML, like Gecko) Chrome/91.0.4472.77 Safari/537.36--Sat Jun 05 2021 13:59:38 GMT+0800 (中国标准时间)
GET--/api/blog/detail?id=14--Mozilla/5.0 (Macintosh; Intel Mac OS X 10_15_7) AppleWebKit/537.36 (KHTML, like Gecko) Chrome/91.0.4472.77 Safari/537.36--Sat Jun 05 2021 13:59:51 GMT+0800 (中国标准时间)
GET--/api/blog/list?isadmin=1--Mozilla/5.0 (Macintosh; Intel Mac OS X 10_15_7) AppleWebKit/537.36 (KHTML, like Gecko) Chrome/91.0.4472.77 Safari/537.36--Sat Jun 05 2021 14:00:05 GMT+0800 (中国标准时间)
GET--/api/blog/list?isadmin=1&keyword=s--Mozilla/5.0 (Macintosh; Intel Mac OS X 10_15_7) AppleWebKit/537.36 (KHTML, like Gecko) Chrome/91.0.4472.77 Safari/537.36--Sat Jun 05 2021 14:00:25 GMT+0800 (中国标准时间)
GET--/api/blog/list?isadmin=1&keyword=qqq--Mozilla/5.0 (Macintosh; Intel Mac OS X 10_15_7) AppleWebKit/537.36 (KHTML, like Gecko) Chrome/91.0.4472.77 Safari/537.36--Sat Jun 05 2021 14:00:29 GMT+0800 (中国标准时间)
GET--/api/blog/list?isadmin=1&keyword=111--Mozilla/5.0 (Macintosh; Intel Mac OS X 10_15_7) AppleWebKit/537.36 (KHTML, like Gecko) Chrome/91.0.4472.77 Safari/537.36--Sat Jun 05 2021 14:00:35 GMT+0800 (中国标准时间)
GET--/api/blog/list?isadmin=1&keyword=%E6%A0%87%E9%A2%98B--Mozilla/5.0 (Macintosh; Intel Mac OS X 10_15_7) AppleWebKit/537.36 (KHTML, like Gecko) Chrome/91.0.4472.77 Safari/537.36--Sat Jun 05 2021 14:01:02 GMT+0800 (中国标准时间)
GET--/api/blog/list?isadmin=1--Mozilla/5.0 (Macintosh; Intel Mac OS X 10_15_7) AppleWebKit/537.36 (KHTML, like Gecko) Chrome/91.0.4472.77 Safari/537.36--Sat Jun 05 2021 14:08:26 GMT+0800 (中国标准时间)
GET--/api/blog/list?isadmin=1--Mozilla/5.0 (Macintosh; Intel Mac OS X 10_15_7) AppleWebKit/537.36 (KHTML, like Gecko) Chrome/91.0.4472.77 Safari/537.36--Sat Jun 05 2021 14:08:28 GMT+0800 (中国标准时间)
GET--/api/blog/list?isadmin=1--Mozilla/5.0 (Macintosh; Intel Mac OS X 10_15_7) AppleWebKit/537.36 (KHTML, like Gecko) Chrome/91.0.4472.77 Safari/537.36--Sat Jun 05 2021 14:08:43 GMT+0800 (中国标准时间)
GET--/api/blog/list?isadmin=1--Mozilla/5.0 (Macintosh; Intel Mac OS X 10_15_7) AppleWebKit/537.36 (KHTML, like Gecko) Chrome/91.0.4472.77 Safari/537.36--Sat Jun 05 2021 14:08:44 GMT+0800 (中国标准时间)
GET--/api/blog/list?isadmin=1--Mozilla/5.0 (Macintosh; Intel Mac OS X 10_15_7) AppleWebKit/537.36 (KHTML, like Gecko) Chrome/91.0.4472.77 Safari/537.36--Sat Jun 05 2021 14:08:58 GMT+0800 (中国标准时间)
POST--/api/user/login--Mozilla/5.0 (Macintosh; Intel Mac OS X 10_15_7) AppleWebKit/537.36 (KHTML, like Gecko) Chrome/91.0.4472.77 Safari/537.36--Sat Jun 05 2021 14:11:24 GMT+0800 (中国标准时间)
GET--/api/blog/list?isadmin=1&keyword=%E6%A0%87%E9%A2%98B--Mozilla/5.0 (Macintosh; Intel Mac OS X 10_15_7) AppleWebKit/537.36 (KHTML, like Gecko) Chrome/91.0.4472.77 Safari/537.36--Sat Jun 05 2021 14:11:29 GMT+0800 (中国标准时间)
GET--/api/blog/list?isadmin=1--Mozilla/5.0 (Macintosh; Intel Mac OS X 10_15_7) AppleWebKit/537.36 (KHTML, like Gecko) Chrome/91.0.4472.77 Safari/537.36--Sat Jun 05 2021 14:11:51 GMT+0800 (中国标准时间)
GET--/api/blog/list?isadmin=1&keyword=%E6%A0%87%E9%A2%98B--Mozilla/5.0 (Macintosh; Intel Mac OS X 10_15_7) AppleWebKit/537.36 (KHTML, like Gecko) Chrome/91.0.4472.77 Safari/537.36--Sat Jun 05 2021 14:13:09 GMT+0800 (中国标准时间)
GET--/api/blog/list?isadmin=1&keyword=%E6%A0%87%E9%A2%98B--Mozilla/5.0 (Macintosh; Intel Mac OS X 10_15_7) AppleWebKit/537.36 (KHTML, like Gecko) Chrome/91.0.4472.77 Safari/537.36--Sat Jun 05 2021 14:13:48 GMT+0800 (中国标准时间)
GET--/api/blog/list?isadmin=1&keyword=%E6%A0%87%E9%A2%98B--Mozilla/5.0 (Macintosh; Intel Mac OS X 10_15_7) AppleWebKit/537.36 (KHTML, like Gecko) Chrome/91.0.4472.77 Safari/537.36--Sat Jun 05 2021 14:15:45 GMT+0800 (中国标准时间)
GET--/api/blog/list?isadmin=1&keyword=%E6%A0%87%E9%A2%98B--Mozilla/5.0 (Macintosh; Intel Mac OS X 10_15_7) AppleWebKit/537.36 (KHTML, like Gecko) Chrome/91.0.4472.77 Safari/537.36--Sat Jun 05 2021 14:17:54 GMT+0800 (中国标准时间)
GET--/api/blog/list?isadmin=1&keyword=%E6%A0%87%E9%A2%98B--Mozilla/5.0 (Macintosh; Intel Mac OS X 10_15_7) AppleWebKit/537.36 (KHTML, like Gecko) Chrome/91.0.4472.77 Safari/537.36--Sat Jun 05 2021 14:18:06 GMT+0800 (中国标准时间)
GET--/api/blog/list?isadmin=1&keyword=%E6%A0%87%E9%A2%98B--Mozilla/5.0 (Macintosh; Intel Mac OS X 10_15_7) AppleWebKit/537.36 (KHTML, like Gecko) Chrome/91.0.4472.77 Safari/537.36--Sat Jun 05 2021 14:18:21 GMT+0800 (中国标准时间)
GET--/api/blog/list?isadmin=1&keyword=%E6%A0%87%E9%A2%98B--Mozilla/5.0 (Macintosh; Intel Mac OS X 10_15_7) AppleWebKit/537.36 (KHTML, like Gecko) Chrome/91.0.4472.77 Safari/537.36--Sat Jun 05 2021 14:19:03 GMT+0800 (中国标准时间)
GET--/api/blog/list?isadmin=1&keyword=%E6%A0%87%E9%A2%98B--Mozilla/5.0 (Macintosh; Intel Mac OS X 10_15_7) AppleWebKit/537.36 (KHTML, like Gecko) Chrome/91.0.4472.77 Safari/537.36--Sat Jun 05 2021 14:19:19 GMT+0800 (中国标准时间)
GET--/api/blog/list?isadmin=1&keyword=%E6%A0%87%E9%A2%98B--Mozilla/5.0 (Macintosh; Intel Mac OS X 10_15_7) AppleWebKit/537.36 (KHTML, like Gecko) Chrome/91.0.4472.77 Safari/537.36--Sat Jun 05 2021 14:19:53 GMT+0800 (中国标准时间)
GET--/api/blog/list?isadmin=1&keyword=%E6%A0%87%E9%A2%98B--Mozilla/5.0 (Macintosh; Intel Mac OS X 10_15_7) AppleWebKit/537.36 (KHTML, like Gecko) Chrome/91.0.4472.77 Safari/537.36--Sat Jun 05 2021 14:20:59 GMT+0800 (中国标准时间)
GET--/api/blog/list?isadmin=1&keyword=%E6%A0%87%E9%A2%98B--Mozilla/5.0 (Macintosh; Intel Mac OS X 10_15_7) AppleWebKit/537.36 (KHTML, like Gecko) Chrome/91.0.4472.77 Safari/537.36--Sat Jun 05 2021 14:22:05 GMT+0800 (中国标准时间)
GET--/api/blog/list?isadmin=1&keyword=%E6%A0%87%E9%A2%98B--Mozilla/5.0 (Macintosh; Intel Mac OS X 10_15_7) AppleWebKit/537.36 (KHTML, like Gecko) Chrome/91.0.4472.77 Safari/537.36--Sat Jun 05 2021 14:22:28 GMT+0800 (中国标准时间)
GET--/api/blog/list?isadmin=1--Mozilla/5.0 (Macintosh; Intel Mac OS X 10_15_7) AppleWebKit/537.36 (KHTML, like Gecko) Chrome/91.0.4472.77 Safari/537.36--Sat Jun 05 2021 14:22:35 GMT+0800 (中国标准时间)
GET--/api/blog/list?isadmin=1--Mozilla/5.0 (Macintosh; Intel Mac OS X 10_15_7) AppleWebKit/537.36 (KHTML, like Gecko) Chrome/91.0.4472.77 Safari/537.36--Sat Jun 05 2021 14:23:03 GMT+0800 (中国标准时间)
GET--/api/blog/list?isadmin=1--Mozilla/5.0 (Macintosh; Intel Mac OS X 10_15_7) AppleWebKit/537.36 (KHTML, like Gecko) Chrome/91.0.4472.77 Safari/537.36--Sat Jun 05 2021 14:23:57 GMT+0800 (中国标准时间)
GET--/api/blog/list?isadmin=1--Mozilla/5.0 (Macintosh; Intel Mac OS X 10_15_7) AppleWebKit/537.36 (KHTML, like Gecko) Chrome/91.0.4472.77 Safari/537.36--Sat Jun 05 2021 14:24:39 GMT+0800 (中国标准时间)
GET--/api/blog/list?isadmin=1--Mozilla/5.0 (Macintosh; Intel Mac OS X 10_15_7) AppleWebKit/537.36 (KHTML, like Gecko) Chrome/91.0.4472.77 Safari/537.36--Sat Jun 05 2021 14:24:40 GMT+0800 (中国标准时间)
GET--/api/blog/list?isadmin=1--Mozilla/5.0 (Macintosh; Intel Mac OS X 10_15_7) AppleWebKit/537.36 (KHTML, like Gecko) Chrome/91.0.4472.77 Safari/537.36--Sat Jun 05 2021 14:24:50 GMT+0800 (中国标准时间)
GET--/api/blog/list?isadmin=1--Mozilla/5.0 (Macintosh; Intel Mac OS X 10_15_7) AppleWebKit/537.36 (KHTML, like Gecko) Chrome/91.0.4472.77 Safari/537.36--Sat Jun 05 2021 14:25:00 GMT+0800 (中国标准时间)
GET--/api/blog/list?isadmin=1--Mozilla/5.0 (Macintosh; Intel Mac OS X 10_15_7) AppleWebKit/537.36 (KHTML, like Gecko) Chrome/91.0.4472.77 Safari/537.36--Sat Jun 05 2021 14:28:33 GMT+0800 (中国标准时间)
GET--/api/blog/detail?id=3--Mozilla/5.0 (Macintosh; Intel Mac OS X 10_15_7) AppleWebKit/537.36 (KHTML, like Gecko) Chrome/91.0.4472.77 Safari/537.36--Sat Jun 05 2021 14:28:43 GMT+0800 (中国标准时间)
GET--/api/blog/list?isadmin=1&keyword=%E6%A0%87%E9%A2%98B--Mozilla/5.0 (Macintosh; Intel Mac OS X 10_15_7) AppleWebKit/537.36 (KHTML, like Gecko) Chrome/91.0.4472.77 Safari/537.36--Sat Jun 05 2021 14:28:56 GMT+0800 (中国标准时间)
GET--/api/blog/list?isadmin=1&keyword=%20----Mozilla/5.0 (Macintosh; Intel Mac OS X 10_15_7) AppleWebKit/537.36 (KHTML, like Gecko) Chrome/91.0.4472.77 Safari/537.36--Sat Jun 05 2021 14:29:04 GMT+0800 (中国标准时间)
POST--/api/user/login--Mozilla/5.0 (Macintosh; Intel Mac OS X 10_15_7) AppleWebKit/537.36 (KHTML, like Gecko) Chrome/91.0.4472.77 Safari/537.36--Sat Jun 05 2021 14:51:27 GMT+0800 (中国标准时间)
POST--/api/user/login--Mozilla/5.0 (Macintosh; Intel Mac OS X 10_15_7) AppleWebKit/537.36 (KHTML, like Gecko) Chrome/91.0.4472.77 Safari/537.36--Sat Jun 05 2021 14:52:00 GMT+0800 (中国标准时间)
POST--/api/user/login--Mozilla/5.0 (Macintosh; Intel Mac OS X 10_15_7) AppleWebKit/537.36 (KHTML, like Gecko) Chrome/91.0.4472.77 Safari/537.36--Sat Jun 05 2021 14:53:13 GMT+0800 (中国标准时间)
POST--/api/user/login--Mozilla/5.0 (Macintosh; Intel Mac OS X 10_15_7) AppleWebKit/537.36 (KHTML, like Gecko) Chrome/91.0.4472.77 Safari/537.36--Sat Jun 05 2021 14:53:24 GMT+0800 (中国标准时间)
POST--/api/user/login--Mozilla/5.0 (Macintosh; Intel Mac OS X 10_15_7) AppleWebKit/537.36 (KHTML, like Gecko) Chrome/91.0.4472.77 Safari/537.36--Sat Jun 05 2021 14:55:14 GMT+0800 (中国标准时间)
POST--/api/user/login--Mozilla/5.0 (Macintosh; Intel Mac OS X 10_15_7) AppleWebKit/537.36 (KHTML, like Gecko) Chrome/91.0.4472.77 Safari/537.36--Sat Jun 05 2021 14:55:19 GMT+0800 (中国标准时间)
POST--/api/user/login--Mozilla/5.0 (Macintosh; Intel Mac OS X 10_15_7) AppleWebKit/537.36 (KHTML, like Gecko) Chrome/91.0.4472.77 Safari/537.36--Sat Jun 05 2021 14:56:26 GMT+0800 (中国标准时间)
POST--/api/user/login--Mozilla/5.0 (Macintosh; Intel Mac OS X 10_15_7) AppleWebKit/537.36 (KHTML, like Gecko) Chrome/91.0.4472.77 Safari/537.36--Sat Jun 05 2021 14:56:38 GMT+0800 (中国标准时间)
GET--/api/blog/list?isadmin=1--Mozilla/5.0 (Macintosh; Intel Mac OS X 10_15_7) AppleWebKit/537.36 (KHTML, like Gecko) Chrome/91.0.4472.77 Safari/537.36--Sat Jun 05 2021 14:56:38 GMT+0800 (中国标准时间)
GET--/api/blog/list?isadmin=1--Mozilla/5.0 (Macintosh; Intel Mac OS X 10_15_7) AppleWebKit/537.36 (KHTML, like Gecko) Chrome/91.0.4472.77 Safari/537.36--Sat Jun 05 2021 14:58:34 GMT+0800 (中国标准时间)
GET--/api/blog/list?isadmin=1--Mozilla/5.0 (Macintosh; Intel Mac OS X 10_15_7) AppleWebKit/537.36 (KHTML, like Gecko) Chrome/91.0.4472.77 Safari/537.36--Sat Jun 05 2021 14:58:54 GMT+0800 (中国标准时间)
GET--/api/blog/list?isadmin=1--Mozilla/5.0 (Macintosh; Intel Mac OS X 10_15_7) AppleWebKit/537.36 (KHTML, like Gecko) Chrome/91.0.4472.77 Safari/537.36--Sat Jun 05 2021 14:58:55 GMT+0800 (中国标准时间)
GET--/api/blog/list?isadmin=1--Mozilla/5.0 (Macintosh; Intel Mac OS X 10_15_7) AppleWebKit/537.36 (KHTML, like Gecko) Chrome/91.0.4472.77 Safari/537.36--Sat Jun 05 2021 14:59:59 GMT+0800 (中国标准时间)
GET--/api/blog/list?isadmin=1--Mozilla/5.0 (Macintosh; Intel Mac OS X 10_15_7) AppleWebKit/537.36 (KHTML, like Gecko) Chrome/91.0.4472.77 Safari/537.36--Sat Jun 05 2021 15:00:02 GMT+0800 (中国标准时间)
GET--/api/blog/list?isadmin=1--Mozilla/5.0 (Macintosh; Intel Mac OS X 10_15_7) AppleWebKit/537.36 (KHTML, like Gecko) Chrome/91.0.4472.77 Safari/537.36--Sat Jun 05 2021 15:00:04 GMT+0800 (中国标准时间)
GET--/api/blog/list?isadmin=1--Mozilla/5.0 (Macintosh; Intel Mac OS X 10_15_7) AppleWebKit/537.36 (KHTML, like Gecko) Chrome/91.0.4472.77 Safari/537.36--Sat Jun 05 2021 15:00:05 GMT+0800 (中国标准时间)
GET--/api/blog/list?isadmin=1--Mozilla/5.0 (Macintosh; Intel Mac OS X 10_15_7) AppleWebKit/537.36 (KHTML, like Gecko) Chrome/91.0.4472.77 Safari/537.36--Sat Jun 05 2021 15:00:05 GMT+0800 (中国标准时间)
GET--/api/blog/list?isadmin=1--Mozilla/5.0 (Macintosh; Intel Mac OS X 10_15_7) AppleWebKit/537.36 (KHTML, like Gecko) Chrome/91.0.4472.77 Safari/537.36--Sat Jun 05 2021 15:00:06 GMT+0800 (中国标准时间)
GET--/api/blog/list?isadmin=1--Mozilla/5.0 (Macintosh; Intel Mac OS X 10_15_7) AppleWebKit/537.36 (KHTML, like Gecko) Chrome/91.0.4472.77 Safari/537.36--Sat Jun 05 2021 15:00:07 GMT+0800 (中国标准时间)
GET--/api/blog/list?isadmin=1--Mozilla/5.0 (Macintosh; Intel Mac OS X 10_15_7) AppleWebKit/537.36 (KHTML, like Gecko) Chrome/91.0.4472.77 Safari/537.36--Sat Jun 05 2021 15:00:23 GMT+0800 (中国标准时间)
GET--/api/blog/list?isadmin=1--Mozilla/5.0 (Macintosh; Intel Mac OS X 10_15_7) AppleWebKit/537.36 (KHTML, like Gecko) Chrome/91.0.4472.77 Safari/537.36--Sat Jun 05 2021 15:00:24 GMT+0800 (中国标准时间)
GET--/api/blog/list?isadmin=1--Mozilla/5.0 (Macintosh; Intel Mac OS X 10_15_7) AppleWebKit/537.36 (KHTML, like Gecko) Chrome/91.0.4472.77 Safari/537.36--Sat Jun 05 2021 15:00:41 GMT+0800 (中国标准时间)
GET--/api/blog/list--Mozilla/5.0 (Macintosh; Intel Mac OS X 10_15_7) AppleWebKit/537.36 (KHTML, like Gecko) Chrome/91.0.4472.77 Safari/537.36--Sun Jun 06 2021 14:19:54 GMT+0800 (中国标准时间)
GET--/api/blog/list?isadmin=1--Mozilla/5.0 (Macintosh; Intel Mac OS X 10_15_7) AppleWebKit/537.36 (KHTML, like Gecko) Chrome/91.0.4472.77 Safari/537.36--Sun Jun 06 2021 15:23:49 GMT+0800 (中国标准时间)
POST--/api/blog/del?id=18--Mozilla/5.0 (Macintosh; Intel Mac OS X 10_15_7) AppleWebKit/537.36 (KHTML, like Gecko) Chrome/91.0.4472.77 Safari/537.36--Sun Jun 06 2021 15:23:52 GMT+0800 (中国标准时间)
GET--/api/blog/list?isadmin=1--Mozilla/5.0 (Macintosh; Intel Mac OS X 10_15_7) AppleWebKit/537.36 (KHTML, like Gecko) Chrome/91.0.4472.77 Safari/537.36--Sun Jun 06 2021 15:23:55 GMT+0800 (中国标准时间)
POST--/api/blog/del?id=18--Mozilla/5.0 (Macintosh; Intel Mac OS X 10_15_7) AppleWebKit/537.36 (KHTML, like Gecko) Chrome/91.0.4472.77 Safari/537.36--Sun Jun 06 2021 15:23:58 GMT+0800 (中国标准时间)
